<?xml version="1.0" encoding="UTF-8"?>
<testsuite xmlns:xsi="http://www.w3.org/2001/XMLSchema-instance" xsi:noNamespaceSchemaLocation="https://maven.apache.org/surefire/maven-surefire-plugin/xsd/surefire-test-report.xsd" name="com.yupi.usercenter.service.UserServiceTest" time="2.919" tests="5" errors="1" skipped="0" failures="3">
  <properties>
[...]
</properties>
  <testcase name="testAddUser" classname="com.yupi.usercenter.service.UserServiceTest" time="0.359"/>
  <testcase name="userRegister" classname="com.yupi.usercenter.service.UserServiceTest" time="0.017">
    <error message="请求参数错误" type="com.yupi.usercenter.exception.BusinessException">com.yupi.usercenter.exception.BusinessException: 请求参数错误
	at com.yupi.usercenter.service.UserServiceTest.userRegister(UserServiceTest.java:91)
</error>
  </testcase>
  <testcase name="testUpdateUser" classname="com.yupi.usercenter.service.UserServiceTest" time="0.011">
    <failure message="expected: &lt;true&gt; but was: &lt;false&gt;" type="org.opentest4j.AssertionFailedError"><![CDATA[org.opentest4j.AssertionFailedError: expected: <true> but was: <false>
	at com.yupi.usercenter.service.UserServiceTest.testUpdateUser(UserServiceTest.java:59)
]]></failure>
  </testcase>
  <testcase name="testGetUser" classname="com.yupi.usercenter.service.UserServiceTest" time="0.009">
    <failure message="expected: not &lt;null&gt;" type="org.opentest4j.AssertionFailedError"><![CDATA[org.opentest4j.AssertionFailedError: expected: not <null>
	at com.yupi.usercenter.service.UserServiceTest.testGetUser(UserServiceTest.java:79)
]]></failure>
  </testcase>
  <testcase name="testDeleteUser" classname="com.yupi.usercenter.service.UserServiceTest" time="0.006">
    <failure message="expected: &lt;true&gt; but was: &lt;false&gt;" type="org.opentest4j.AssertionFailedError"><![CDATA[org.opentest4j.AssertionFailedError: expected: <true> but was: <false>
	at com.yupi.usercenter.service.UserServiceTest.testDeleteUser(UserServiceTest.java:68)
]]></failure>
  </testcase>
</testsuite>